c:\users\zoufeng\source\repos\project6\project6\debug\vc142.pdb
c:\users\zoufeng\source\repos\project6\project6\debug\vc142.idb
c:\users\zoufeng\source\repos\project6\project6\debug\main.obj
c:\users\zoufeng\source\repos\project6\project6\debug\factory.obj
c:\users\zoufeng\source\repos\project6\project6\debug\externtest.obj
c:\users\zoufeng\source\repos\project6\project6\debug\builderclass.obj
c:\users\zoufeng\source\repos\project6\project6\debug\abstractfactory.obj
c:\users\zoufeng\source\repos\project6\project6\debug\test3.obj
c:\users\zoufeng\source\repos\project6\project6\debug\prototype.obj
c:\users\zoufeng\source\repos\project6\project6\debug\adapter.obj
c:\users\zoufeng\source\repos\project6\project6\debug\decrator.obj
c:\users\zoufeng\source\repos\project6\project6\debug\proxy.obj
c:\users\zoufeng\source\repos\project6\debug\project6.exe
c:\users\zoufeng\source\repos\project6\debug\project6.ilk
c:\users\zoufeng\source\repos\project6\debug\project6.pdb
c:\users\zoufeng\source\repos\project6\project6\debug\project6.tlog\cl.command.1.tlog
c:\users\zoufeng\source\repos\project6\project6\debug\project6.tlog\cl.read.1.tlog
c:\users\zoufeng\source\repos\project6\project6\debug\project6.tlog\cl.write.1.tlog
c:\users\zoufeng\source\repos\project6\project6\debug\project6.tlog\link.command.1.tlog
c:\users\zoufeng\source\repos\project6\project6\debug\project6.tlog\link.read.1.tlog
c:\users\zoufeng\source\repos\project6\project6\debug\project6.tlog\link.write.1.tlog
